<?xml version="1.0" encoding="UTF-8"?>
<!-- Generated by org.testng.reporters.JUnitXMLReporter -->
<testsuite ignored="0" hostname="DESKTOP-EQ55Q8H" failures="1" tests="3" name="Default test" time="12.584" errors="0" timestamp="2022-03-09T16:26:20 IST">
  <testcase classname="io.cucumber.testng.AbstractTestNGCucumberTests" name="runScenario" time="11.112"/>
  <testcase classname="io.cucumber.testng.AbstractTestNGCucumberTests" name="runScenario" time="11.406">
    <failure type="org.junit.ComparisonFailure" message="expected:&amp;lt;[No data]&amp;gt; but was:&amp;lt;[Beetroot]&amp;gt;">
      <![CDATA[org.junit.ComparisonFailure: expected:<[No data]> but was:<[Beetroot]>
at org.junit.Assert.assertEquals(Assert.java:115)
at org.junit.Assert.assertEquals(Assert.java:144)
at finalChecking.OfferPage1.Valiate_product_name_in_offers_page_matches_with_Landing_Page(OfferPage1.java:84)
at ✽.Valiate product name in offers page matches with Landing Page(file:///D:/New_WorkSpace_Automation/CucumberFramework/src/test/java/features/SearchProduct.feature:9)
]]>
    </failure>
  </testcase> <!-- runScenario -->
  <testcase classname="io.cucumber.testng.AbstractTestNGCucumberTests" name="runScenario" time="11.748"/>
</testsuite> <!-- Default test -->
