<?xml version="1.0" encoding="UTF-8"?>
<testng-results ignored="0" total="3" passed="2" failed="1" skipped="0">
  <reporter-output>
  </reporter-output>
  <suite started-at="2022-03-09T16:26:08 IST" name="Default suite" finished-at="2022-03-09T16:26:20 IST" duration-ms="12584">
    <groups>
      <group name="cucumber">
        <method signature="AbstractTestNGCucumberTests.runScenario(io.cucumber.testng.PickleWrapper,io.cucumber.testng.FeatureWrapper)[pri:0, instance:cucumberOptions.TestNGTestRunner@7b36aa0c]" name="runScenario" class="io.cucumber.testng.AbstractTestNGCucumberTests"/>
      </group> <!-- cucumber -->
    </groups>
    <test started-at="2022-03-09T16:26:08 IST" name="Default test" finished-at="2022-03-09T16:26:20 IST" duration-ms="12584">
      <class name="cucumberOptions.TestNGTestRunner">
        <test-method is-config="true" signature="setUpClass(org.testng.ITestContext)[pri:0, instance:cucumberOptions.TestNGTestRunner@7b36aa0c]" started-at="2022-03-09T16:26:08 IST" name="setUpClass" finished-at="2022-03-09T16:26:08 IST" duration-ms="512" status="PASS">
          <params>
            <param index="0">
              <value>
                <![CDATA[org.testng.TestRunner@680d4a6a]]>
              </value>
            </param>
          </params>
          <reporter-output>
          </reporter-output>
        </test-method> <!-- setUpClass -->
        <test-method signature="runScenario(io.cucumber.testng.PickleWrapper,io.cucumber.testng.FeatureWrapper)[pri:0, instance:cucumberOptions.TestNGTestRunner@7b36aa0c]" started-at="2022-03-09T16:26:08 IST" name="runScenario" description="Runs Cucumber Scenarios" data-provider="scenarios" finished-at="2022-03-09T16:26:19 IST" duration-ms="11112" status="PASS">
          <params>
            <param index="0">
              <value>
                <![CDATA["Search Experience for product search in both home and Offers page"]]>
              </value>
            </param>
            <param index="1">
              <value>
                <![CDATA["Optional[Place the order for products]"]]>
              </value>
            </param>
          </params>
          <reporter-output>
          </reporter-output>
        </test-method> <!-- runScenario -->
        <test-method signature="runScenario(io.cucumber.testng.PickleWrapper,io.cucumber.testng.FeatureWrapper)[pri:0, instance:cucumberOptions.TestNGTestRunner@7b36aa0c]" started-at="2022-03-09T16:26:08 IST" name="runScenario" description="Runs Cucumber Scenarios" data-provider="scenarios" finished-at="2022-03-09T16:26:20 IST" duration-ms="11748" status="PASS">
          <params>
            <param index="0">
              <value>
                <![CDATA["Search Experience for product search in both home and Offers page"]]>
              </value>
            </param>
            <param index="1">
              <value>
                <![CDATA["Optional[Search and place the order for products]"]]>
              </value>
            </param>
          </params>
          <reporter-output>
          </reporter-output>
        </test-method> <!-- runScenario -->
        <test-method signature="runScenario(io.cucumber.testng.PickleWrapper,io.cucumber.testng.FeatureWrapper)[pri:0, instance:cucumberOptions.TestNGTestRunner@7b36aa0c]" started-at="2022-03-09T16:26:08 IST" name="runScenario" description="Runs Cucumber Scenarios" data-provider="scenarios" finished-at="2022-03-09T16:26:20 IST" duration-ms="11406" status="FAIL">
          <params>
            <param index="0">
              <value>
                <![CDATA["Search Experience for product search in both home and Offers page"]]>
              </value>
            </param>
            <param index="1">
              <value>
                <![CDATA["Optional[Search and place the order for products]"]]>
              </value>
            </param>
          </params>
          <exception class="org.junit.ComparisonFailure">
            <message>
              <![CDATA[expected:<[No data]> but was:<[Beetroot]>]]>
            </message>
            <full-stacktrace>
              <![CDATA[org.junit.ComparisonFailure: expected:<[No data]> but was:<[Beetroot]>
at org.junit.Assert.assertEquals(Assert.java:115)
at org.junit.Assert.assertEquals(Assert.java:144)
at finalChecking.OfferPage1.Valiate_product_name_in_offers_page_matches_with_Landing_Page(OfferPage1.java:84)
at ✽.Valiate product name in offers page matches with Landing Page(file:///D:/New_WorkSpace_Automation/CucumberFramework/src/test/java/features/SearchProduct.feature:9)
]]>
            </full-stacktrace>
          </exception> <!-- org.junit.ComparisonFailure -->
          <reporter-output>
          </reporter-output>
        </test-method> <!-- runScenario -->
        <test-method is-config="true" signature="tearDownClass()[pri:0, instance:cucumberOptions.TestNGTestRunner@7b36aa0c]" started-at="2022-03-09T16:26:20 IST" name="tearDownClass" finished-at="2022-03-09T16:26:20 IST" duration-ms="300" status="PASS">
          <reporter-output>
          </reporter-output>
        </test-method> <!-- tearDownClass -->
      </class> <!-- cucumberOptions.TestNGTestRunner -->
    </test> <!-- Default test -->
  </suite> <!-- Default suite -->
</testng-results>
